[2022-11-11 14:36:17,718][run.py][line:94][INFO] start training on GPU 0!
[2022-11-11 14:36:17,718][run.py][line:95][INFO] Namespace(no_cuda=False, dataset_name='IEMOCAP', max_grad_norm=5.0, lr=0.0001, dropout=0.1, batch_size=8, epochs=20, window_size=15, tensorboard=False, cuda=True)
[2022-11-11 14:36:28,072][run.py][line:152][INFO] Epoch: 1, train_loss: 63.7037, train_acc: 35.58, train_fscore: 35.59, valid_loss: 33.425, valid_acc: 42.55, valid_fscore: 35.64, test_loss: 32.0709, test_acc: 46.73, test_fscore: 42.47, time: 6.68 sec
[2022-11-11 14:36:32,451][run.py][line:152][INFO] Epoch: 2, train_loss: 17.9934, train_acc: 61.74, train_fscore: 61.8, valid_loss: 28.7267, valid_acc: 42.55, valid_fscore: 38.27, test_loss: 19.1331, test_acc: 57.09, test_fscore: 53.67, time: 4.38 sec
[2022-11-11 14:36:36,871][run.py][line:152][INFO] Epoch: 3, train_loss: 12.1096, train_acc: 63.9, train_fscore: 64.28, valid_loss: 24.3247, valid_acc: 45.61, valid_fscore: 36.86, test_loss: 15.8274, test_acc: 48.46, test_fscore: 39.95, time: 4.42 sec
[2022-11-11 14:36:41,322][run.py][line:152][INFO] Epoch: 4, train_loss: 9.1613, train_acc: 59.92, train_fscore: 59.9, valid_loss: 12.2163, valid_acc: 48.98, valid_fscore: 46.41, test_loss: 11.6752, test_acc: 55.67, test_fscore: 50.34, time: 4.45 sec
[2022-11-11 14:36:45,708][run.py][line:152][INFO] Epoch: 5, train_loss: 7.5503, train_acc: 67.14, train_fscore: 66.61, valid_loss: 19.0006, valid_acc: 30.82, valid_fscore: 27.61, test_loss: 21.478, test_acc: 35.82, test_fscore: 26.53, time: 4.39 sec
[2022-11-11 14:36:50,131][run.py][line:152][INFO] Epoch: 6, train_loss: 6.6569, train_acc: 62.39, train_fscore: 62.76, valid_loss: 7.7844, valid_acc: 51.02, valid_fscore: 51.67, test_loss: 9.129, test_acc: 50.25, test_fscore: 50.06, time: 4.42 sec
[2022-11-11 14:36:54,598][run.py][line:152][INFO] Epoch: 7, train_loss: 3.5719, train_acc: 71.37, train_fscore: 71.47, valid_loss: 4.316, valid_acc: 52.45, valid_fscore: 49.7, test_loss: 4.615, test_acc: 55.43, test_fscore: 53.08, time: 4.47 sec
[2022-11-11 14:36:58,968][run.py][line:152][INFO] Epoch: 8, train_loss: 2.3984, train_acc: 68.4, train_fscore: 68.26, valid_loss: 4.3813, valid_acc: 48.88, valid_fscore: 45.23, test_loss: 3.7738, test_acc: 53.27, test_fscore: 51.65, time: 4.37 sec
[2022-11-11 14:37:03,332][run.py][line:152][INFO] Epoch: 9, train_loss: 2.4664, train_acc: 68.27, train_fscore: 68.25, valid_loss: 4.6201, valid_acc: 48.27, valid_fscore: 46.28, test_loss: 4.4723, test_acc: 53.02, test_fscore: 49.2, time: 4.36 sec
[2022-11-11 14:37:07,746][run.py][line:152][INFO] Epoch: 10, train_loss: 2.5018, train_acc: 68.1, train_fscore: 68.01, valid_loss: 4.4245, valid_acc: 62.35, valid_fscore: 58.29, test_loss: 5.1191, test_acc: 63.32, test_fscore: 59.1, time: 4.41 sec
[2022-11-11 14:37:12,091][run.py][line:152][INFO] Epoch: 11, train_loss: 3.3218, train_acc: 72.33, train_fscore: 72.18, valid_loss: 5.7303, valid_acc: 60.61, valid_fscore: 60.69, test_loss: 6.0568, test_acc: 64.36, test_fscore: 64.35, time: 4.34 sec
[2022-11-11 14:37:16,508][run.py][line:152][INFO] Epoch: 12, train_loss: 2.3162, train_acc: 73.55, train_fscore: 73.71, valid_loss: 3.9917, valid_acc: 53.37, valid_fscore: 50.73, test_loss: 4.1822, test_acc: 53.08, test_fscore: 49.69, time: 4.42 sec
[2022-11-11 14:37:20,883][run.py][line:152][INFO] Epoch: 13, train_loss: 3.1537, train_acc: 60.05, train_fscore: 60.05, valid_loss: 3.5598, valid_acc: 56.94, valid_fscore: 57.35, test_loss: 3.8246, test_acc: 61.22, test_fscore: 58.83, time: 4.37 sec
[2022-11-11 14:37:26,803][run.py][line:152][INFO] Epoch: 14, train_loss: 2.9488, train_acc: 63.23, train_fscore: 63.46, valid_loss: 4.1082, valid_acc: 57.96, valid_fscore: 57.99, test_loss: 4.9159, test_acc: 59.68, test_fscore: 59.42, time: 5.92 sec
[2022-11-11 14:37:31,692][run.py][line:152][INFO] Epoch: 15, train_loss: 2.4961, train_acc: 68.9, train_fscore: 68.89, valid_loss: 4.5307, valid_acc: 57.76, valid_fscore: 52.65, test_loss: 5.6425, test_acc: 49.32, test_fscore: 44.27, time: 4.89 sec
[2022-11-11 14:37:36,118][run.py][line:152][INFO] Epoch: 16, train_loss: 2.1626, train_acc: 75.91, train_fscore: 75.88, valid_loss: 5.462, valid_acc: 44.29, valid_fscore: 44.47, test_loss: 6.0439, test_acc: 44.2, test_fscore: 39.71, time: 4.43 sec
[2022-11-11 14:37:40,533][run.py][line:152][INFO] Epoch: 17, train_loss: 2.3191, train_acc: 69.99, train_fscore: 69.93, valid_loss: 2.875, valid_acc: 56.84, valid_fscore: 54.95, test_loss: 3.6999, test_acc: 55.24, test_fscore: 52.87, time: 4.42 sec
[2022-11-11 14:37:44,997][run.py][line:152][INFO] Epoch: 18, train_loss: 2.8011, train_acc: 63.46, train_fscore: 63.38, valid_loss: 7.4228, valid_acc: 38.57, valid_fscore: 36.33, test_loss: 5.8016, test_acc: 50.8, test_fscore: 48.35, time: 4.46 sec
[2022-11-11 14:37:49,319][run.py][line:152][INFO] Epoch: 19, train_loss: 1.7441, train_acc: 76.33, train_fscore: 76.34, valid_loss: 4.1689, valid_acc: 48.27, valid_fscore: 45.96, test_loss: 4.4197, test_acc: 52.47, test_fscore: 46.93, time: 4.32 sec
[2022-11-11 14:37:54,120][run.py][line:152][INFO] Epoch: 20, train_loss: 1.8641, train_acc: 73.4, train_fscore: 73.35, valid_loss: 3.4409, valid_acc: 54.39, valid_fscore: 54.92, test_loss: 2.7549, test_acc: 58.69, test_fscore: 57.5, time: 4.8 sec
[2022-11-11 14:37:54,120][run.py][line:164][INFO] finish training!
[2022-11-11 14:37:54,120][run.py][line:180][INFO] Best F-Score based on validation:64.35
[2022-11-11 14:37:54,120][run.py][line:181][INFO] Best F-Score based on test:64.35
